Case #1:
44.7213595
25.0000000
25.0000000
Case #2:
50000.0000000
50000.0000000
Case #3:
1.4142136
0.4515236
Case #4:
141.4213562
65.9380473
45.1523641
Case #5:
1.4142136
0.6593805
0.4515236
Case #6:
1.4305291
3.1144823
0.9943777
1.1805415
1.3068077
1.3970362
1.0534894
1.1550975
1.0902869
1.0451518
Case #7:
21.8174242
8.8020470
26.3620940
19.8711760
9.3970716
8.4167689
8.4906588
9.8245724
8.5172060
12.9406430
Case #8:
133.4261798
139.9385579
127.7458414
45.3781865
44.6789430
44.9084204
45.1414703
122.7342345
Case #9:
1.5617020
1.9083741
3.2832910
1.6540981
2.3333333
1.5617020
1.5617020
1.5617020
1.5617020
1.5617020
Case #10:
58548.2500000
58548.2500000
58548.2500000
58548.2500000
58548.2500000
58548.2500000
58548.2500000
58548.2500000
58548.2500000
58548.2500000
Case #11:
100000.0000000
100000.0000000
100000.0000000
100000.0000000
100000.0000000
100000.0000000
100000.0000000
100000.0000000
100000.0000000
100000.0000000
Case #12:
58.4710338
53.4142356
53.4142356
65.3394106
53.4399048
92.1702421
129.6950269
53.4142356
53.4142356
75.3837032
Case #13:
67094.4056110
67094.4056110
67094.4056110
67094.4056110
67094.4056110
67094.4056110
67094.4056110
67094.4056110
67094.4056110
Case #14:
10.8580451
9.8189213
6.6826648
6.2510605
10.5891659
9.1394948
6.3417918
5.6296341
5.0500584
5.5700596
Case #15:
51.2306301
56.3589853
51.2306300
70.3364229
51.2306300
51.2306300
105.7388292
51.2306300
Case #16:
75.7924439
50.5589470
57.1898151
42.8342021
50.5999020
60.8958165
85.7181970
59.4481708
77.5022629
41.1703256
Case #17:
39108.6849698
39108.6849698
39108.6849698
39108.6849698
39108.6849698
39108.6849698
39108.6849698
39108.6849698
39108.6849698
39108.6849698
Case #18:
7.6928185
13.2390607
8.5475758
9.3851595
18.6290096
7.6928185
8.3986062
10.8278919
7.6928185
7.6928185
Case #19:
68.8852496
54.4703020
128.7938007
54.4703020
95.6797341
70.8161656
68.6339955
108.7842360
54.4703020
54.4703020
Case #20:
31.7596710
31.7596710
31.7596710
31.7596710
31.7596710
34.9806891
31.7596710
31.7596710
31.7596710
37.4435982
