5
25
30
125
130
150
155
625
630
650
655
750
755
775
780
3125
3130
3150
3155
3250
3255
3275
3280
3750
3755
3775
3780
3875
3880
3900
3905
15625
15630
15650
15655
15750
15755
15775
15780
16250
16255
16275
16280
16375
16380
16400
16405
18750
18755
82000
295003775
1465331255
304707005
1220706875
10171905
305078780
1474703280
1222656905
60625630
1279394500
1271891275
10172525
59081275
246488275
9769525
256343900
1222738155
1232422650
1271578905
244609400
1477031255
304784380
469500
2034530
1232425030
246172000
302815655
1230488255
1230953900
1271581900
1474612630
1513766250
305156405
60937500
1230957030
256347625
302831375
61015650
246175655
1281722500
49238250
49222005
410000
253984375
1230563155
82000
472000
1279300150
1476562655
256250125
1232831380
246565630
253925000
1232519500
1270018750
49297500
244609400
1232500025
11738255
1230940630
292969525
1477047005
60640755
2034405
1515706280
58593880
51187530
1220800155
1516032030
1230953905
49237650
11797505
1474707000
59078780
1969505
1515706280
12128750
60546900
302735155
1223140750
1269531375
51250755
1232438130
302831905
1221190755
1232816255
1515625030
1466812500
302832005
60640780
244628150
61031905
303221875
1271956375
1466878755
48844505
244222005
2031900
51253250
1232425125
12187650
1230550025
1476956280
94380
246191405
1466875775
246112630
51268875
1514078755
1232893750
1464843775
1221187630
305097030
1465253130
1279785000
1220784400
9766375
1269535125
51190780
50875655
1279691405
58691400
302734405
1514063150
244238125
48843750
9766380
305175025
1223125630
1230860155
49237505
60640750
1474612530
1466875030
295316255
12128900
1516031875
256250775
303222650
2347500
1230878250
1269546900
255937625
1515628275
51171900
244141375
244612530
58675150
295393780
1466875630
