Case #1: ELCCWRKSFUNYKP
Case #2: UPNRNFRPDAVDWLNWN
Case #3: HACKERCUPTEAM
Case #4: DCIIWNQIVQDLDWIGDX
Case #5: AFIEMVDZVDDWIRIR
Case #6: MCHQFTBBELZFAFB
Case #7: QBBSAQPSUYXJMUF
Case #8: JQSAAVLHAJSRXHHCL
Case #9: MOMXMPMOPOXMOXXPPXXOXXPMPMOPPOMX
Case #10: TIZWGPUBKFJW
Case #11: THE
Case #12: RKXRHRAAXXHAWOWWPAKHR
Case #13: ZZZZZZZZZZZZZZZZZZZZZZZZZZZZZZZZZZZZZZZZZZZZZZZZZZ
Case #14: BAYBYGYLGAGLFAGBHHF
Case #15: GOROQVGVQQQSVGROOVOVSOOQV
Case #16: CIQSCDTIPTLZGHQAQ
Case #17: SXYSAASYVAVSYXSVAAVXXAXVSXV
Case #18: ACACCCBBCCCBBACBCAACCABCBCBABABCCABACBBA
Case #19: DFFHLLFDFLLDHHFHDLDFFFHHFHHHFLFF
Case #20: EGGOQQGGOGOQOGOZQOZZQQZOZGG
