1
Justin
1
Justin
17
rilxej
dpcatzm
juynnbtbmq
zlx
cioqqupo
ctbj
qybj
jydwmhc
aadciypoja
naqmlqj
eykydkev
rlgzs
phrt
mj
zibyjhvpi
sbxkced
dla
19
kbnfyrw
xm
vhp
w
b
kjgtv
rggf
bpbn
lcxurwqryr
q
ucedgxjvrf
ozbzbe
oxivhqmw
lejxtcgw
br
xwzhuta
rtdfobj
xcksko
xdprucsls
32
rbueqse
adpqiuig
vsm
nesvfxgg
jzinvk
xzvyneva
utwq
heqzac
zalzgymc
a
enrczik
w
ughrsecst
g
e
txdmwwn
gdgbqea
ted
cgfm
vqwta
glvamkcsja
ztqdq
bcowcgvuz
gxrigpidvj
zpnbxy
vcsfyv
tjrwvxzb
csude
l
lfvrxksxu
juj
rwqed
36
nty
nd
tosyvn
xgusp
czyazwk
nst
byc
ggmojiqw
xkhuvuptfp
lbjiaszi
ablm
utb
lonhuntjg
frlcw
eqtyn
npm
hfswkay
lgztx
pixvudbnw
cxoc
tfnqm
wgfuibvr
rrywi
h
xocgzknlsq
svp
w
dnvhil
uhndtgh
hov
wprn
ebzlhqrapd
rrxj
vppsn
baoubb
cticg
31
xrnjvgllpy
jofbl
xrhnubjwz
ok
sw
vdzvdi
bzmehapu
nismjforkq
ysvbr
suarammaq
oizspx
eelzjaii
tlcl
gc
rfwdrzdzsk
ucdsyz
dcjgzd
k
djdkosrzzj
gbbtdcgddg
jbitddnsc
zn
kcfyjpk
kacpbka
wrfhoid
urrjvbtj
meat
xoyxvm
htuswa
rglelj
j
50
fkhulhowofyotrqxwuyblszkhvhjqjmukryvmlmdojccodfmti
qjbseqbbjhbotxhylizyhuraoxzwmmdfmzxokbddzghfigqnbu
ewevhwhsblznvipschrhktgkblcphlrvsmetjfvytdsrxxbnzq
rwdfzewykcqvtenkizdsvvavvlhxndtxpxojcumilfmkxmyorb
pijflmjdwypufekacesyjbcsimrbxfhpbrpidlepkgwppgyyzs
vzaswneiarohusvopykkmgbfynbpyhvtmucwoyxrkmlonbnawn
wahiegkdsoodhaqmipabqqbzhpaqqljpovuyuedisrnrvamcuo
oltfqsvybtsnkwlvvdwzjgonqiikfkqwtcgrkmlicwrwbpgaet
gazxhaedsagnhznaljmzuxmzxekjultxopkkaokxihdjxvjeht
wtpxgcmtpcayykncntefbmsxkioublrmvyfsixwtahdxgnovuw
hqfdijburdtkxnwirjzhtyffrvfqxknqdmadloqytzxihkmckc
nvitdmuxgqadcdzxdpghusnehbtnevqdkbkqkgapnzjovmoyem
imienhiwlgrjcpoywfsizwcehcunepeqamdhppmfmwiugjroff
hrfcbwbediwlrmwylquzcgesoapyyyvrsswaivkcguhllkbrou
ircirebvxrmicbogoezrloioitedyohjleporkjmliucjvbciu
zmoequbzncduysmhxenhlvlogsxpejrvuosbdianbwibpahvxc
ysurtpaaejwyzczoggltizoyqfywrmysgtamkzeomtwhgtoddt
dayloookccnzmvvxxbczwksmresrbrfviniwafttlzoafvdjga
yhuljjgsprswokqqjogeybvukbiucjclmlfwcwcrjdsdetwnje
edorszncxrufhzxwtnemrsqnmlbwyloqfkyxrcrbpftzujgaye
sxnndbnkrjjtmewzbwhecqbrxqxhfsggosxkzdfvejzbtbsbly
uivukwnvfbxothkyeoarnqhvjioegffqfwyrnvxdadsupcokvi
upgshhwmasqxzrhndtuaiwpllmbjdxbtzajpvwublorqmljkqj
lrkuurfjqnusvmttdniqitwtlnyxldktvsedvkaxbhvrotpeko
xgnwjxyzanmuqzvoxlnhgcczpclsqbudagkctovbxgjqlgwiyp
iurztzseqymbxjchuezhfdryntecrbfkxisbayffyubveevmki
rcsgmlugfglykpohdfhngctoxuzscjbqupmyjqxnpfdhdtyenb
garbejaljcekaztglobcqhndiopygamkgnumtnhxikdydhsrlh
flxvzhzhwnwviazltysxejnygaebussinucegfllyozibmzsto
zegktcorgejtxjstliwmsekavnsvufxzmzhpldesznqgduqykp
fnscscevsiimsqmqajkwiglzpujfuwihhvkbmjpyltzmjinbqe
lxtmnobqhtamiknfvqeuvulweefhmklyslxnkjneflzctlxuyg
kjkszogguteuvyaetyshmlnxkvpoiucfqqxaozjmfjkvhgftem
rnmtnkplfwvkwgwrccntcxbhxpzsonpapnslhzsymytiztvnpd
dgktdgchkcmysxjkqwzmanvhttljpgryqumxzexrufpxmhwptw
fzcgrvswatfidqwpmzktmckeesuqoccookccrdowlvjllyywxs
epdwdxqgftcjfxmgannciexbuxcgqxrbcyrqxhanvxmcklfqcy
eiyaufnnsjeividubqygqwzufujtftnlvbtfmrnxqrqmgntqbc
brhhlqzxuhondfbrieqfkmezimgnxlnvanagoujhjsanttuzmy
haktybadmybrjxjectjwrbdupplojvynngznkcjwhzunpvhhlj
xnmyoytaqcfxrrdbpyxfinvgffqbamqzwrfoxfbpiczjjzxrvd
gampvgpgrhdqvrdbexeqbrldpglnmsidejxgxydpoyydiitoav
lmvmgqxwyvmlmbsfjirwvmkxixuamnpaxcmoadtlgihqnvtpur
hhhthnidthhooaorwdroaeylupdkfwioddtikxssfzrdjxqwkc
nuuqjdztbjtlgsgnclwcnqbumifhakzqkqcchafwqvizumhxry
pkpnlxmavicyvuqkmllyyjrgtclwwzxugthevbzhtxthjpxjtz
fchnzdfyisaqradotudcttwyzbelmerrbossjrzipiorvytwnh
tvhpvorjafaohrnmdyjuruoypsxvkrmtdhrqzlfwwojxnyskvu
wgsvnssoltwmdqudpddsnvoqacgjqhddsflnezqbotezegcglb
usnfjwvlzgzfvffkcjcngedmdnqryhapplektilkvclmgbsfzl
50
nkqwuufuyvbvkhnyyaovrbsrfhkdneqahpgpnwohendgqeyozr
azofpzsoypngsojldgxmgfieehzuwchhqqybkcgbaweaqbfdal
ukxonjetsmbilumeaxlvhuprthpxtzuppzzxavhxiaxkyjsnmf
ssbvzpgavgmlusmymytwtcsemfnwxvrxkwbxacxzuupvnlsecl
xskshgguagfkhtmogvtajgbzaeomtdfudavfamjgoipwsldswf
xgrdnvtirbkanlwsomekdbgymqokvyrxkubkxlsjfzbwdfogbj
uwneonmdolfzvpxhacbrapztcgwxamgacicpsbtbhiwwrronvp
uzwpwgrtgbxvugrxgkwtxyhfhnjxuzcdjogknpljeqgvswafgk
kzpjhqlfnyzarslvtwxhbwanmhbtbqyftnfdotfjbypcgdecva
vedbdhovoxqyrxdsdyvyljpwbzgdnijnovtqalaelerltkczaj
ihcxwacmwncthuonaueydrvjprvsrjvbfhaoezewqnoqsvdqep
cyvaramxazlmijnfsxkkhghdqmznmqxlbzaaxbdswaechogfjx
sujrtutzxhhgdjjnjvnkwsjtqiokfzkzqjmcjwopguuryqklqv
yuewwhglwwfnrjzdgoiixdgbboatbocldhwuiepopoxffqishn
lhghlldnydjcerpzvriwdjnuwhxfiugprgbqrexsdywoevukwl
dogljlwtzakfuoykyckxjelzsyqqnlgwkgnnqediktlntzkhii
ohrnljgomjtqwhactideqmmhuyplxtjqtlwgpvofdxziowymgj
ddjimjmycqzvweeucietdtmjfqcsurqjiosukssdiyjdffgxso
reqwvblvbpkxtlhctvstjwbnsnokgdacgtgpnoqsdlnnmrcdbm
lxnqpdlrslauqunxskwaqaajgmxndllhxpmndlqjllqmnzmtfg
wetpnwrypxtibgfzdemoynyecwvywvbinxaafcwmvsbrubfnfg
vapjacicnhrqntqhtulhgtxmamiymetjfgolpkzhvfucyanrcx
blnxpzsfnjyfwfdzhxkicqssbeijbrhyojgqdxqhrewkmbgvog
amjrgrblqqqcgikdluucvnyqrwccmnfrnkmmwzgygoqstumxfe
yixcpybalngwitjiqrdfikdrrlniweisvtszlugfpnpdxvimrp
afhbfrhwiddjqwowjzzysqrrlvnsdqsysbgkhmzleujnjkebne
blrghuwykoynpkwvkgplqruibljjmwpjzyjgsjizlphqmrvxrx
ecsxobktfjqslvfrbbquviugwqkmozprnhczeaqmesdlqfbwkb
zrvulpemzlssrkiswomznwixcabklgldgfswhazzzglethaten
tsksspbvlvujuaqwteutneghdytjichkjbrgddolbsykbqnntc
qozdubgoycoxatmydmjrpbaallkejaqhfnwjdxmcltnkdofbxn
fxtrlwfosiwuapdfdmnrrvftepgkmtuxhcipbuzxlbmbzovfal
maimphuhnzcyduygovicmgerjvdvcimhtasatyvttpordcyetu
xeqzmjmdopzmgnzxhmuqnmdbnybsfsnvrljtkgmgslnuzsphrr
eekttanwzgiiqmejchnwzsujizqcdavltizhihtcvlxyhpuyxj
hzhjndmepaymbfyndhkqytkqfpzwnzmpocedhgdaryhcppgchv
decrlomhjiindkkysfdwufevonjslkqvvkchxfnhmvrnyukjel
rjhmyzwcpjpqzfykicxzkjjucvteyukwzyhutijlbygzltgwgv
utrsuioanerndiqgwteaklhlmfvdkiysbqyjypyognnwxylmdj
hpndsstfpiuhvobitjdsxiyanjtxpvvpqfjidnkvdyyxfpoejz
bjqohbtshfukhmvgpfakeykpfmjiodtcbpznxgimnzpiyedjtp
xmgbxrdyyycqlhcerrekfqyifapiihumxainebozyzpwssxygg
btkajnkpiossvxvykweuyiybasfiuwckvcbruxqfuewglrwnky
osspbwomgkcoyiktbbrkaoplhhtlumuhkmcpozamepaextbbfr
zmgxkmmsaxhromitkyynzzlngpbgnxxmhoptcejcjjeskuumso
wozvukgywwtvdeyafqngzntbryolcktwbtwtfusiorjladlqnt
ejttukfclmywpsjtfkanncwasgocfhjyedbbijpnplocdbhljs
enraoxiobmrjzmqffxkywjqbebrdpjuvjjcvcmyqnuerbtiobo
ccfvmpikdfskgiebyvyetcodfhcitoeaihwvberqnswfqmxohb
ekbvjopsnpenzcbtzudbpwiavrrfjiqnlptohlmwqcewcfyrba
50
zskoyebfoxyveeasistuxkdqyxtnaigcerrzpjddiciwcplkuc
eeaigznjjtmsfkrbyzvkfgyhthufpkownurcuqhpiwgzritgcw
dvlvuxrgpgqqectmrcioyhfcibfafqhfiznxsdqdriwuojxjph
kubuhujziuwmcqjejwrqlorpozsixlwkolymaojkfrzjydsayj
aelrxbgmgvojyvatlzhpybbjwyczhtvyrwabyyatogipgggylw
olpmhwvjanbvztumjzxocixeykdvqjnvktkgswgcxehkjeitsa
tipfgecxrepnstxnswgufzkekzwmojxnmlfcdfoenbjplbozyc
avjokdipnhhhrhbzjufzvdgwvzisrzcjifhqjwxqupwotjcaox
gqabwkuretaoddpfyawfdrxalqvnoyfevennboytvtfewsnssf
oomgwrsfoxezluwrkpptrtoehioqjhtuolimuudduwfzchwiyp
hmvvkcvuxhmcumqsfhureqykjketlhotjqpdepdfgjcllbmjwf
wmxcfiidbnoytnwfkeolirlopvsqyfmdvpmlzxjpoicqorndsq
atmkcotqlrulpfrwqtxnjckldhihzxqmiwghsuxtxynypijawv
mfmogbpyugxwsggxnsuagjyabwpwyhrsuglnydtcubumbtuapo
ppcjmbkiqvpssycodrhjasktlckqzhuclytebdnfikzfalsxxm
qnedfhspvnsbmczdqsaracaaonpobqzkocneokowfdzunajnfk
gpmwaizocroumukeamnrwxlpzohpijjzldxhjhvkxsqwcrtssi
kqnvrxozqakwoewjznvgcfmynecxhagwttjwjnhwbxyyxzcoms
sriqwtkbhcncxyaydpbkmqnergqyhuehtlupkmzuthogenlgon
cssjvpjxdqbwnbhxqnppfnjjjggaorpuumkgyuefzedoweyyrs
lzaatioeubwwdmobdorbwqhmcgfptjdjxlbpkqtzizqkhnzpni
xdsiavlshnucorqysqkjxwfmnjvnhiekjfgnaehhcpwbjtccbi
alezbxivpptovtvzqjkhelcifywirxjxweovsmivszqfvqzthb
ynyarqlauvtqiggwxcjksbcmddimpihrmognpjjhzvdodcqcir
jquwtvzkcyauxepqifpfbfxqtaaenojbmngmsiviypwiqfsccp
fperzhzbnmvxncnfskssvrmflguwnnpbdvwwapcvxogrumcgeq
eamxpxvcegvyvsbhvvodtgyibxiruqqpcoexhuoxzgqqsphryh
jptxylzkeyidzqetdyyrnlooekydgjsbezywcaowgiqvkqrrkg
zyvhncpzaqmiobsxtmyawhhnqslkufobziudxkdjihoxorinhp
pksgnjgpmeagwqbutmyxdaurmtzntdhdctgiuxidpflayqqrdk
mkjwyofsspsgotmxzzkxmrqzjlmzdwhowzwpncosftfwbistez
phozfynftpsakmnlzyjfiaitwembgwthwonrgezeydmhvngplm
hrnswhmonxkarimvknanwdldxmlesfcqdvyirjfmobzvvfrtuo
otppjkwcdnaazltxqbuoafrkjpbcelkqyrfurgvowjqfkozyws
wwzfmpvacnuuztvewuowdmwxcvvqaqmvyphawovngfvpnawmvy
uuxaffgfhmgzhenyhsntuqkkabyzgzbltjileevufxreifming
snzgzwpefcblctuxkppugkhnnrgzwpmkefcpjmujgkneoxdwwe
jakkfsfbjsyblvlruxsdmnoljalbcrvyzcqmxgrbkwuotkxqdl
lrfqusqjwthdyocddpblujtrhuhlqtgjgmblqzkqsedtmgwuoq
bpotdtmqjnfuwsijneqrxfrlyahtqssdinhbudfklbwiewesjv
llauyhkctgzzdudhhitacvufbzibsqzanxpykrbdwohborazcr
bkdqznnkhbavxuccymreaqwgefwxcrjbbyjjlzrdtyaqainmav
zevwmxfgrlnmptwgtmvmoyxwpatlfbbwwkqgydnilfstzselcv
qgsnzmvjioabvprssjsmpwyzemnyrwvvyzyvolbpajfnxzpdqu
yejkkztcejjapcblzfpegbfxlsseqsfiufkuxqxcrbdidoolex
kmjhfnkuwszprexnacivpdzwkjdcvvwjumxuwhyvajgfxoemkz
iyuzpfyjsllhafmuwsxhqddfiwoqxrkhjifgytsfetgtiajfkq
ftcxtdchlfgepieqnzchpquovlqirrqbqhbtbhdchggtcpzydr
genqeqjcqfusohwhiqxzctidttysdcgwrhemylwmkcojsekxae
acjxrpiklkpuplxakmziroasjlebjlauvaspuqhbvqmpwrvocy
50
bjnpzqylamrqsbqbiuqagfslqisvsxzefxlpyotnfvanlybsfx
hbvdrticwtzgnfjonhlodsdjzbdpjrhnyrqqdikfykmwlhaekj
rrjtndipmqhytoszrghbwzqdfkscbdqnzmmqwicuwhhcpvuzlu
lcbbiymzlgfcdtajtvubssyicocztsobddcaaqezzocnvmqvcl
czkevzozzgdmpisyvuzioebdtntewrljbzkanjuqrxxtzhhwak
nmlywrirngauoauprfegiqqbtlhbwxcmjltkuqesdievqwrvli
uasobyspylulynhlgsypjirtjouwqawrziiylvmsqgmiargvhm
jqtavjqgxukiucdafmeyyzndtlixxmpuntjpcygjmndwhnslqv
hnpooigsklgrhsgmjfirgzrxzsjirhxqncvdfzonlhsujdusxq
wjbpejcgodbhaznwqrdjecncfwvumfimvkndkhfnfdjepgscrs
itduhpwyymhoxofcrbmgaovlquitbgrncxpfnaifgfzmgfbfek
kvuuivhejrjclzkazxynunzuarlzadxysrigundijazmrskolm
mfvwuigiorskyezjtpdwqllygaxyajarxnjgaewofqixvcpzab
rgmvnxrascjxawyxliqupiammltmjubqgkbuqpdggpzkavyauv
zwlrtvcwqqeqkdtmvdslwyumpxzqtilmmzpwabrhfhsspmxjmb
bgbxufrnzeldsaldqhypbosvsgveejwcjzmsskpmjlkioibqil
sdcdxgrbprfilcjaewduimkbsuumkevzwjdplzxjudioeapcco
cajoiwvmjowcarqilpnflisyagwnfbtbcmvewjzahwwiydlbip
ihplijdrlsdkzoobzqyygdqamajeabufseolnjoursuazddebi
vhjqvrickpdkrzuypweufqugyoowphhqswoucowhpxlkcbjwub
uklkwhzkkyabsekmfibgvhpzwipdaatkwdblvgqwfmjxruulvb
fajxepdcayikveishbxxffjckcukrzbrstuckaizbpgvmbdvvf
liwbdvgrbvvidodnklqumbcdaphhqtmpagnfeerimwcvxvxfor
ctyyogsslnarbguqaxnxwpkddqagydwptmjipwmhagrfedhzxp
tifyenqlxhplutvyoqmgdigydnlyfqzpskqcytarfigmmsourq
clksvonzlfajmgarxzbrrdveuihshssyjjkycurozzrgxonmxf
hdtznzmrfazmozedwmxlvlgptkwwfndvnimtsjrbyssbupyhro
zxtgtrmfljdfehiprblogwqgrlxqaqcdxeybpnbkxchhxymdte
gsuaiosjchuiammhltvbsdpfgssfhkezplhzorzwknkebzhvcy
oxlregarptmneujnnjpzbsrkgxqkgmsykvrvzfdigrquqxwoyw
qcfeghypuntbamnihjtwvzuazqmhsgcfwwjadyxcosrmztoczt
gqxtnsfegurmovacmonuhjyawhvcoyeoclrqdzecjszxxgnkvp
sydpbmahvsjecycoiwmdwcstmmowzknruzwjarsflmadumywgp
jzyiasmkfkbjcwbpjoplfbzrfjccjdcfrrbmizdkynfbsggfof
wwqozorwygkwzyuvsybiwxefzfenevdhisvtzhmjphfqkugpnb
ndgblyvztpmbhhehflulxpieiricozdukprkbnsdqyysklzkpq
jarebbgxqpedchbezemsctkevorletdikjyurkiptlxatremxr
dzmpoiqfzqtdlukmwbitrhqljsgoqkbsqrdbzmrgghzbleksoi
rihcqholcsavjyzjikgcuyseizcztatsyxilmggjilfgezkicc
lbnelgsztovrspgkbdpqspxmghtvkjtxjeuiaqobkjpdidoirr
lttpgxliqjelaajapjukbiisskovmoqtpywgsyekpmukutleln
woaezrjhbxrmtrbvmbkskriqbfowrnnmzwftvrmhnqpgnugrah
fxrtxgcnljppljxotqgufycgliwqxempekmymcoxrlooryfkrg
uknlwyfwwzzigrpktibcfjnshikivmrsackgfwvwrxsmjpudgq
ktoomdwlmgfbjaaflspquwalbvsfjmezudgzorhfyqdorrkonj
xeumzibbnwexcppjqdkhiuslkqvqxznsawkggwwfrylgdjrxkx
zjgkfqibmjcjkvmnigxaevsyfrzofkxatdijxhfgwmoxkswcrb
bqxzqoraniduuynfgiayivexihymsxumazmdryzsvjwaqefafx
jjsynwojdrbrhpgzbfeuuoiscfnzfnqmxhpineoialekgwzrin
cgykqdpgpnpgrkolbginlvtehnoyuwpldbwpqiaxthssmsgbcc
32
m
t
d
u
k
r
x
h
n
p
b
b
h
h
w
m
s
z
r
y
v
c
f
u
b
h
e
g
c
h
o
t
0
35
o
b
p
c
z
j
d
k
k
n
u
a
g
j
d
q
e
s
r
v
e
w
m
p
b
j
n
q
l
i
d
e
s
a
e
37
e
i
i
q
x
l
m
m
t
x
k
l
z
n
r
w
n
g
s
j
e
x
z
h
e
c
z
g
i
v
t
c
x
q
p
w
j
19
qhZCChHSLNGItYxHTLxdhCkM
jmcJMjICwFyjlWNMXUhjmBjb
TcYIOCocgdAMWlZXBqWUrTUH
GGziepnnujyStdfWmwyjkcjm
YjUfXduFYCWtYscbpyyDWLei
mWbzeFEclFDlieYeoqZSqVMr
xQuVcbPwAMreDQdctArFjaeS
TcgVJiYvNLbTmufRiwcltFNa
KoXjxbkgsuEMCwHXHZYZhLOR
AcxDHNVNbxiBzpxQHxVAcoKM
YxtLDWXdFFoWSoCoCStYgnpF
DotypBwTCCisLTnUStGSpGLd
wHOuXzlnGqeAbVmUkFgqcYQO
DwTapYRfhjYCAdbeNWfuQFHx
vkAPXFkXMQBplLNzhGcmgetP
tkFOgCGwoDMzCXLKaiGrAYMP
anZKuPNUbWIvOBNrMrzkeyhb
mwRaRzLLvDHIoplMGPDjQlhD
DecHIutWcTyzFcQigtzCDBGc
33
bdSCneXPIOMekKMJksTvHaWukAVfcYw
cJtjbuyvdgGecCzzhPKNZnLbbiimJCX
ZmgPajoNfoqCgwCnpoMzOyPoYyOXOEU
sfWIiVaMYEBdVKfOuiOJOumtAHBKExZ
lFOmuPGzItVKObiWUIpfOZtyiDOnkYm
EJkLQHXjsLuWYnMyIRCEPhCboCBLzKW
LQREbRAqqosxAWpjIYGWKdfTYVFqYiH
HLCeVqqrQJmtAWbzThzKlOTHzQdgmTZ
zNWUnoOZQTZTBrCTnoFBYNUJcSClLlb
nMrVIZOMCRDdaZVhpxwlbQyZeiYjagM
UfjbKoQwaZBvTBbSTUqmEobGkzBIPys
CLeCLfLVZOPdtgLuGpdSnZNiwGrmVJF
DjXlLlFNoFSgzeYrzYhUhTKbgxzppnS
TuNjnXspoeByXDTjfqmTfysKIhsropu
dXdzxMbzqwsDfJqhbEmBaTLkNeJPCMa
KPOjjmWGXeMMsTYwMmxFzVSoGuvmbjz
ZRUrfLWWwbKzLZNBlXAHkQPPjgLrPgu
SwdECICnMEGAWJUuDMMzKIivywEkPse
dYQChLMYPpVZRqhZwQqWItIBBJyJakd
muxWqoWAOVJcQkzjYLkUTrgcZNuLlXg
MIyVyHcGIFhBEWkMaBNNXIQLhjDwvhz
PKsojvAfhgtWwshfQNfTglBROATcnOQ
PjWNkVRcfvQlSdCfAZKbABBVOuaeRKe
UumLeTHrPHwCxaEldWIIMyORWtepavs
pgLnSBxvzLriNYNAWzCSPBaWalFTyMB
rgcvUMOZQgqXWYVuyktkZXbwcEJzYHZ
LUAbZwVrLccnzZqoewsBQGtZYRpYsAC
yjAohbODiISHsVzfLzMXqwJzBgJNKnQ
MgQpKKFVBCtGicxkTzFmvEQVibuPtrg
HBwqSEBIncuttgOzFhIKRCVDsmfNQUz
YFJLmOIkVcZMVoxHWBWVyaIpKHPzWjP
ynTwejAoiQwsNrRNEOrzGRxFVAEJyha
xMtHfDoaKCUnTRkWRQpZrAYBgXQplLA
22
sIStRbCQkydfUYRBdMLUTznyRnpuIbJhUNO
ZsLXFWUswucbSDPrTwzoliRgQTdycwFPAvt
LrDINmzwbFntmFnJQDWFgPPkWPReuwFymda
VVwvhJnVUeGZEovhBSOtesZzfmhKAruTTZs
ephCKdnEUStAKpcvALzJqtkpnkdBiwgyfEp
njbVdKhateQfrxCPhPMiGWIWCsHQrXObxEk
ThTJnOYFupzBYdhLZTOagUkFwvHYGzkdEMw
maxlnYSUIUDbBwTEXtReekubroPLNgdQUch
UPPdHpOWfVLLufjVdJfEJKaCGYbsidPPNgt
aQhaXXnqtGTWzzfsWAXFEPTPGDSsThfIqev
MCIVUukxWaYoTvvqcOOlfCDpRdvHpuhXUpk
hctBgysSADHAoQpmyfLxhjUDNyqpCobtAoI
AICPMFaFaukzVskXuwaHcRTZDbMDdduBGky
mikUelnKJiYWHOqJBnkQUziiMXsoXBtLKJP
IsacWQElDtudECxscOsshXbsfMBJLCVPSPE
aeHQnzmbRaojrmolAcBDeODmNYmAOuUCRry
foQgctaBqXSAjaBWMtYxVxQEqIWxHFZVLJh
QpGNHZdZgikrxsRFiPoRnKDjzAYBmJtFmMf
eJlIwpBEgeDoyuqGIyvlZWRQhybJnhXnpbc
rCDXhewTzqhgLcNSesPVqvACfVRQmcTSUYf
UDfBhFtLBIWhbAJxjLtGIneurZZFtbGSLiY
EXrLScYcsMRTZkVaWZgGGjRpDvBgKXVprRU
30
DlVJyHun
LgLlifxs
hUYVxWGn
fdXGGEvo
SuCsfmoO
DAeNRCMh
lVYPMQbA
FYRERTAA
xGTEIsHb
IvgWbUvt
EDblqjeq
nEVofplW
eTkdimeh
MwivxxRh
SzRvnOET
vwxPAIxq
MnIjunba
XNHUtphx
VBnOKxSC
cicgvQYc
udKFOhas
ghMumGpm
rIyasmpN
yDqJVHLu
FHHSOiXL
bZAUCUjE
LhwMAoNS
tyixSQri
DPyXJugP
rAGWHBdi
24
mboYBDfwLAOGIXlsHYxLpdYehOWlxFDCQAllzUBnJbLG
NBcBnihFqvzdaGXdVnUacOoGubtAlUOZjBYZVmOiOOGL
VhBBOmMOUwmXiMWQqUdqwlaXoabIIFNAYaiGwbfikURw
CwPWusMSIYfQhDevtmSbuPLoiIyIGoBYsXLfuWKIwBTc
EIQZdXLmCPVUmmQSXzlPmdlvXPLqqChCzNqQjyvQJLIa
KYwWPdUwLemPMEiGHGoMMDScONeQYkNxxCPiyOONmOiF
yGRHXAZZywurXLuONGyDktixQuDbLZjOFWLTnktAubtP
WDTwtpEFkloauRvlfHMbloxycGVfNqlFNlxwljgqBiWI
PKcoALLvCYIgmNRfrtXeHsCyYITqgnJsvCYGvuGPHPxt
SnVxUHCuplqTdRCkmTuZtBbHzlThZlAVqgTSYXroBMFr
OHcxHZBPmodIQnEzAmoRhVAzaieLAfUOuWkOEXoFndaX
AxodRluVyIpxrFHxMMNoXpxPFZzAsKXHdDrYOLYNbNaq
ZRlIOlNyHBLNhiJxIEiFGjsaUBFlQGowyFZpXsQDRfjo
VRXeKaTfuLpfOJANWXdYxfCQsDDQrNMBmQMFHopnXslt
ZmQTErCYHzidwZtMDvYluJqXMROLQZlFeOKGdGCUCytS
iMmWSorMRixIwdnFZVIVXZHTeUGWvfmujhbzgoWTvRMf
MyiTGTjPLTwuNiMVxawIQGSluxGxSvcPCISXQOKgRJNv
fAEXLNioWcstkKhJsBlYAMWmoIemCbmnqaqQtyrWYqfY
INfmjScKHgVzbDHkTyMhXxchZSPYAIQhKStVJyZqCktc
TLWGQBKatjIEcrGOeXoUBhezjMLVEkmOiSwACuTqQQfl
gcTgXTUsqDcMwOPXpCcKkjsutThdUoUVCYmqixNsCuwV
AcqFyEuBpkAPPTQnxzpQISWqpoTtQAfIXcvexDCfRCGa
TOxQOtTmxDrWWVffSUezOQYuYvNMMdIFOcIASCaAKAIR
OlpUqTpnCgdpueYYPeiQBJZrFvXoGaxQdmBSuSrLqIuS
28
qwmehJULKZ
dNcIHlzrKH
WKehTmSSbw
asLfJAsfkI
AZwvwiMctL
MDEKPPyVKi
FSEeZtkOMd
WbklRzhnuu
CXqbsyJkpy
ebvtpOulAZ
HwghjqoSIV
vUsXyHkpmi
HuygJYAicp
NVlsZNPFYz
EWAnawdVwQ
GXKCFScqfW
KmnvDQFYQL
ETpNzMvBWi
BkzsrXjsKf
FwQmYWlFFw
WeqkgLcgdy
EEoVqrRwVI
KqgfOrXMNd
sWDOvRTJZU
bhWHmEwueg
xWIZrYaxAB
XehTZnhLgw
WXPUdORhOm
1
q
0
3
Arjun
Nikhil
Taneja
1
q
0
1
hi
1
Justin
1
a
0
3
Arjun
Nikhil
Taneja
1
A
1
Justin
0
0
1
Ala
0
0
2
jdlsfk
sdfsdf
1
Hanna
2
fdsafdsfds
fdsafd
1
asd
1
Justin
1
Dima
1
asd
10
iowctwrmwl
mc
jmexoxy
srkvwr
jwvu
jqervoir
zxicydu
vjqfuspdcg
bzbg
eiz
1
Justin
1
a
1
merong
1
petr
1
AJA
1
Peter
0
1
Sunny
2
Justin
Chris
3
hgfh
ghfd
ghfdh
28
nqy
qaflpur
r
ikzljaeo
ldczmewgmc
ioltesl
kyqmaduyt
p
lxrlvbli
wybnfjapv
cyjsdrk
paykbtsyw
bzpkhnij
prk
ty
rbcgx
yaayc
hdjujhtrio
pbiqf
o
zoufjjav
ugeysrflya
wqpvj
dd
nmazbknccw
rfxtwg
kdfcvrwkek
ygih
0
1
Abc
4
aaa
bbb
ccc
ddd
1
X
1
Justin
1
a
1
anim
2
Zamba
Diego
0
1
Mohammed
0
0
1
Dima
0
0
1
Justin
1
Andre
0
0
1
Name
1
john
15
wc
uthtk
wsaxn
gpayja
ya
raezi
wtwdkdb
gwbqxihp
tgcozvtus
fcb
gsopcroipv
ifqzjzu
g
v
piqbfgosv
1
Justin
0
1
A
1
Justin
0
3
Arjun
Nikhil
Taneja
3
kic
mgx
t
