Case #1: 3 2
Case #2: 0 0
Case #3: 8 0
Case #4: 2 1
Case #5: 6 0
Case #6: 0 0
Case #7: 6 1
Case #8: 1 1
Case #9: 3 0
Case #10: 8 3
Case #11: 0 0
Case #12: 7 3
Case #13: 2 2
Case #14: 2 2
Case #15: 8 2
Case #16: 4 1
Case #17: 7 7
Case #18: 8 2
Case #19: 7 1
Case #20: 8 3
Case #21: 0 0
Case #22: 8 5
Case #23: 6 1
Case #24: 2 0
Case #25: 3 1
Case #26: 8 8
Case #27: 6 1
Case #28: 8 8
Case #29: 7 2
Case #30: 10 3
Case #31: 7 7
Case #32: 8 3
Case #33: 1 1
Case #34: 7 2
Case #35: 3 2
Case #36: 4 2
Case #37: 7 4
Case #38: 8 2
Case #39: 1 1
Case #40: 0 0
Case #41: 10 10
Case #42: 8 3
Case #43: 9 3
Case #44: 9 3
Case #45: 0 0
Case #46: 3 0
Case #47: 4 4
Case #48: 10 5
Case #49: 7 1
Case #50: 6 2
