91222346
46399999
50
93302655
11
12501112
72789699
34529477
9331
12229098
27999955
7
8000011
29998775
873
27329999
79997755
41399887
78530157
79995444
99977
40111222
9440
74098775
99855
7965341
65554411
987541
997
34011222
85
47829955
3
12826044
99871
42651377
68635554
85090011
9877553
94459111
53446678
5
74433267
95
9755554
10
65189561
9877755
44539988
74012222
51519888
3
95012223
50833333
76527200
99845247
49699985
176245
8754431
43998877
75922236
985431
36528790
57398378
67795511
7
24399997
45140066
92000123
14995299
20023688
32927940
69855510
39998855
511
26623369
2662012
8881
84
60922222
60354840
52094999
79955431
987541
76500222
73
97234466
987510
53850011
90222233
526114
8410
51111236
95433
68401122
75051112
983
68795281
9985
42
