16377664.346 17243748.324
0.371 0.398
21.726 21.939
4815757.006 5129955.954
96266.976 102054.295
1456.937 1542.371
20711.421 24190.556
0.363 0.428
27.646 32.982
28967610.756 33375364.837
0.515 0.605
0.223 0.224
341.254 360.769
3368.711 3616.929
0.017 0.017
4.312 4.747
395792.053 406666.914
570897.357 671078.911
334188.630 347587.967
0.260 0.269
42869951.711 46834068.457
2888140.511 3036693.177
0.038 0.041
21.858 24.587
225856598.821 248283740.006
3.382 3.393
0.002 0.002
0.018 0.018
0.178 0.199
0.000 0.000
0.000 0.000
0.122 0.128
8479280.254 8872638.732
1.999 2.013
0.003 0.003
2117.890 2144.754
241.339 261.637
3.261 3.390
3.073 3.695
3179515.088 3824031.943
0.001 0.001
38017.742 42770.453
3813.815 4345.823
0.004 0.005
0.208 0.232
444.171 465.355
0.371 0.412
357.000 416.217
3837.872 4150.320
1960.417 2028.494
2387.911 2445.607
0.000 0.000
2.459 2.521
329836.731 336504.028
0.574 0.664
268729.999 291499.612
0.000 0.000
0.280 0.285
0.000 0.000
0.004 0.004
0.604 0.639
0.000 0.000
44105448.470 49690609.133
301961.735 320664.558
2788260.533 3238200.101
0.000 0.000
0.040 0.042
202537.894 203374.339
0.216 0.218
4623.732 5220.508
2.114 2.130
0.019 0.022
0.004 0.004
0.121 0.126
2163.268 2429.262
99008198.899 99058430.932
44.655 47.579
2.992 3.435
2171666.336 2320575.203
0.033 0.034
360.819 385.637
142205174.661 143825657.834
41852.361 43111.852
0.020 0.022
0.337 0.370
306.823 316.544
2.536 2.717
0.000 0.000
0.000 0.000
14202.273 15642.278
0.338 0.374
2963782.325 3578935.145
35221434.228 39812048.917
219.797 260.770
19804.768 22099.493
236447639.671 241634019.365
0.288 0.298
31499.281 33438.247
346.436 408.451
34347211.881 38197721.681
