0
19581794
655914
67730190
48775376
5430712
8377717128
457601448
2055093042
71130714
0
2413389987
7158612042
0
7388968495
1623552234
1647332415
0
2941857073
1400362635
696858609
0
0
38852636
0
0
2402234762
0
0
210114242
167144
6660008773
451149
195213027
0
3610123466
1252984
20328
1980284
2612741208
0
0
27701043
1237325764
0
7632712
221327
194169
0
0
15336329
35422
202216
0
1547621
1402411645
13324497
0
31632060
0
2917549395
0
0
0
0
873212502
5337
1132534693
0
0
0
982
3144229
0
20328
417538
97088
0
0
0
856008
0
0
0
273151135
0
0
552344313
65421
0
0
0
0
1857942562
3115769291
0
24
0
0
0
