Case #1: 25 576
Case #2: 11 1
Case #3: 5 2
Case #4: 9 1
Case #5: 24 1458
Case #6: 28 30
Case #7: 46 1320
Case #8: 30 6144
Case #9: 15 1
Case #10: 48 648
Case #11: 30 540
Case #12: 19 6
Case #13: 42 25584
Case #14: 34 2304
Case #15: 45 6840
Case #16: 12 30
Case #17: 3 1
Case #18: 43 5796
Case #19: 27 1320
Case #20: 28 288
Case #21: 7 30
Case #22: 17 6
Case #23: 18 6
Case #24: 61 3990
Case #25: 5 1
Case #26: 19 6
Case #27: 39 150
Case #28: 44 216
Case #29: 10 8
Case #30: 21 114
Case #31: 19 24
Case #32: 39 114
Case #33: 47 1266
Case #34: 34 540
Case #35: 36 114
Case #36: 23 36
Case #37: 9 1
Case #38: 37 3990
Case #39: 34 192
Case #40: 40 1266
Case #41: 30 240
Case #42: 34 36
Case #43: 26 390
Case #44: 22 16
Case #45: 21 36
Case #46: 40 540
Case #47: 29 390
Case #48: 10 2
Case #49: 61 2304
Case #50: 40 1320
Case #51: 30 6144
Case #52: 2 1
Case #53: 35 1560
Case #54: 11 1
Case #55: 22 150
Case #56: 33 24
Case #57: 42 254
Case #58: 42 25584
Case #59: 44 40824
Case #60: 84 6048
Case #61: 36 192
Case #62: 26 24
Case #63: 46 32424
Case #64: 31 24
Case #65: 33 540
Case #66: 12 2
Case #67: 35 30
Case #68: 31 25584
Case #69: 33 8400
Case #70: 28 576
Case #71: 44 40824
Case #72: 40 5520
Case #73: 28 54
Case #74: 84 576
Case #75: 17 6
Case #76: 25 24
Case #77: 84 20064
Case #78: 26 96
Case #79: 30 24
Case #80: 17 128
Case #81: 49 876
Case #82: 34 6144
Case #83: 35 240
Case #84: 44 162
Case #85: 47 25584
Case #86: 24 108
Case #87: 20 36
Case #88: 33 8640
Case #89: 56 1806
Case #90: 16 6
Case #91: 25 144
Case #92: 27 24
Case #93: 30 540
Case #94: 10 6
Case #95: 16 6
Case #96: 2 1
Case #97: 84 40824
Case #98: 53 6048
Case #99: 22 6
Case #100: 43 3990
