Case #1: 4.866280 1.562859 4.977497 4.792952
Case #2: 180.880652 0.382005 56.561101 1.390133 314.256794 0.712058
Case #3: 1179446.642531 1205587.024158 815234.028899 1050331.702214 1015189.117744 441158.925486 505414.637281 540148.784068 513551.824316 746978.286377 185322.136945 255813.629559 1113164.995841 946484.096920 794707.939206 587517.230748 1108940.187994 96770.620451 293311.915024 1189957.813662
Case #4: 72524.997067 433947.601086 5211.222267 1335388.013973 7561.880307 1453350.794041 22647.247055 507077.456807 51001.779479 1365155.883719 57898.223660 1499261.376817 44990.082665 759005.642555 3291.511723 321035.061825 93665.634745 601984.306755 97236.626967 879488.062153
Case #5: 42291.535077 134630.032155
Case #6: 559668859.727526 354525440.537615 509079115.702342 92697609.259141 968718818.374313 257180417.076303 431269801.422614 351552509.866446 543033325.366226 761099430.155521 798122623.841335 46938901.323331 902114541.224257 839094356.093134 658842857.302559 171902684.109240 168411823.999328 497525956.713374 918754481.672661 506573472.407914
Case #7: 388171.342137 907175.597180 233738.367558 6740.371446 42325.813417 1370079.093505 212578.059151 278529.905538 238719.241401 1551846.282483 400464.521786 572894.811397 235564.255287 963718.129149 180965.833372 1283950.846999 66846.640759 1095021.369596 31517.855186 629273.140454
Case #8: 56150.702269 4767873.954528 15057.772499 5734763.999112 67229.182172 438882.024973 27900.245791 4623836.375165 45294.526544 6068026.183430 6468.944823 6296555.874285 30377.120459 3091983.854540 52601.673168 2424069.025814 63006.299183 4047985.461392 64237.200362 2740493.926319
Case #9: 442428.602764 484741.492710 1010252.740416 433208.872580 1276232.457987 311088.240126 524747.350085 181062.425186 756441.936625 345900.041550 40197.583485 357553.359225 1414946.919115 97815.901902 200166.946529 160118.739355 519951.411833 369647.743933 207606.300691 20604.197032
Case #10: 51837.125724 2457553.986267 52368.157698 229537.880316 5709.200712 3771686.874408 28320.278803 1441247.466058 14781.549548 2341277.547529 344.105678 3638048.104419 34729.255794 521402.398289 42080.052165 1124938.967125 30381.139160 2222567.407125 46790.279751 4817968.686550
Case #11: 1550279.215101 97520.530788 1207833.647799 82799.997048 1447115.118786 134041.022647 129008.174832 108363.910708 624469.168962 99085.546845 516734.715189 65199.209534 858362.078468 5260.100194 1591391.633270 226825.345859 1313605.529933 79575.785502 1129923.128184 133237.940406
Case #12: 532784.914128 264672.260584 1377853.968968 222585.817113 168527.030809 99489.042984 556030.454850 482.578506 9230.023054 81808.893325 328162.038678 141175.858122 777788.549725 297802.993512 1089873.519383 185432.720994 1245913.954655 121235.061189 349216.137441 67016.266261
Case #13: 3529.386539 1231590.170555 96924.568299 1050798.884604 44675.149768 2918603.127023 34718.593215 105057.346127 102836.701754 403326.966074 95779.824690 2099500.810946 100860.863018 273756.323124 61847.326547 624343.741781 39824.899580 903941.068983 29511.341405 1806823.409033
Case #14: 4593.151305 3395322.640934 149528.950212 2348870.241456 34578.859057 2472466.873399 87496.554818 480260.898095 193421.619866 1166373.318157 135281.074946 873035.772869 66715.262308 2299830.489698 128891.792747 2666612.221508 158794.334699 2900956.226731 165012.992231 2099810.169405
Case #15: 29641.933469 3861013.962470 76680.690373 1568153.694581 70909.958928 2596755.598683 69305.787599 1465055.895272 67809.062095 476283.246433 77979.051331 1398595.673149 86285.418115 2913651.902177 82599.529460 9179.307852 89147.673399 931418.891538 65761.054615 1251735.121930
Case #16: 373661.040857 147159.308830 559148.325945 474222.406329 474390.448982 232731.140929 643820.524081 189971.280788 129628.304273 76807.796872 91062.534233 194929.748257 207809.140005 161724.845603 73302.058893 366691.894994 356254.996428 482948.937568 316836.884317 82449.360512
Case #17: 485217.420859 69202.093227 5226078.281115 16533.695022 7256045.772628 29701.023068 2989514.757314 59984.477096 776283.282507 49749.049353 3698204.596888 10304.890955 5344272.113810 7702.626459 1955057.629461 9658.690776 3501853.470876 49721.331076 7128081.412599 52633.850859
Case #18: 740179.939578 19655.084912 2349500.099659 697.824311 2045372.883239 26187.685740 4533053.848610 74938.582019 2700572.157925 3258.435014 4273500.267045 82221.741805 3735893.594066 55351.664378 1152046.809761 26851.980663 1383153.691746 32547.393932 2367539.846644 93770.002495
Case #19: 120340.761540 8561.449146 135891.906072 2333134.917255 34801.303942 2667491.510519 77548.110213 392528.071513 206248.921355 4029818.393416 3455.450334 1912347.268774 209196.506031 2143111.020904 164917.103968 3628158.515297 88766.647695 3785425.609663 203857.673699 3390988.332049
Case #20: 234356.236298 50611.332109 704966.153308 45695.868789 3462477.969540 173.547512 45519.628218 54785.461169 4002075.780707 36998.996000 4831022.115049 17823.354148 4201739.603255 25921.390990 1782312.519414 49251.719218 4357636.823828 10361.827383 3640140.750092 55711.264222
Case #21: 49659.788471 1748500.770679 150231.339819 3782271.654851 123366.095019 4188454.273129 4011.163919 1890758.720393 20525.256386 649292.544715 39469.575514 3675770.516185 38917.926483 65300.894500 123879.040428 2842038.074672 126303.292397 3999908.959828 28298.879961 1552842.766670
Case #22: 1648798.915250 35684.532257 1365438.176187 78612.869290 1531502.592575 84742.911289 2906005.031064 11058.680390 318356.482134 77027.208755 3205857.779268 55551.802177 2756836.574537 82046.171350 1759240.085366 76958.439265 106771.435863 29801.122709 433274.603783 19007.072783
Case #23: 3734323.672529 69999.206500 3121275.505464 79482.611142 1402194.072098 31182.740241 633898.910065 64036.969021 6030419.829794 24560.290703 1813464.543215 36547.206340 2857477.709610 1470.494028 4428504.745413 69311.431269 5294146.471591 43910.716112 1648171.935292 71044.865271
Case #24: 16638.755163 2740750.893030 151060.731160 2046145.164204 56004.311878 417126.543640 54971.721124 246495.361273 73017.112245 89856.915696 165241.917775 366584.422055 100357.251500 1809129.639917 15219.103005 2544195.448732 105319.558809 2351522.659744 140865.583967 762043.433990
Case #25: 897442.370923 43089.099862 1299095.155512 8116.877544 2563888.827860 22185.692488 2775458.273439 143939.004493 1894404.167577 85975.346991 1397350.734121 18499.818335 3361522.247258 10737.866489 1082022.388212 65789.653927 2961666.711124 111905.133598 1474864.186414 130663.851989
Case #26: 135099.466636 822672.013402 132892.236096 1031616.795232 26014.506508 489612.123225 188351.424401 1152779.226831 132160.025435 1672876.850851 144629.894537 646670.834090 13983.927960 1543200.143434 151601.984185 292312.421308 4230.646902 1186478.764660 140777.076091 2081194.719826
Case #27: 3165030.683547 23340.873589 2833276.343734 46721.477945 378897.498001 50473.109936 696322.580978 63261.741057 2172845.030034 27879.923629 1412487.080510 71002.383126 4221025.794832 73188.862523 68036.667809 29637.109014 3049711.008213 30266.160148 1681588.435165 36081.010296
Case #28: 149227.484719 3039230.150130 147818.364449 691174.251649 136580.899820 80622.462634 148440.116020 3354172.823977 134766.283550 876049.836917 39648.624430 327947.723200 58789.214909 1904838.848064 66534.427307 1208056.510017 36521.848129 2987879.504970 6810.450226 2193405.720932
Case #29: 2159392.577976 95027.109556 1953657.233073 100399.140510 1549027.122976 64323.641737 2898048.507922 93495.729838 2457065.642510 73188.591118 3105015.663361 31425.114036 1398691.589496 70053.968441 2734479.657875 107127.069571 1870241.239964 71871.214600 886373.324431 130696.737193
Case #30: 42346.354419 1682278.721370 18900.644512 4379113.134236 38019.625537 7461414.549110 26856.505700 4921601.091862 71788.956756 5562344.702614 45921.079766 4744252.974996 78331.455770 772012.219437 46736.549250 6144783.125082 56385.425177 1982802.364008 39700.599601 6415519.540938
Case #31: 3803641.562584 73174.756205 6627228.246351 92606.316665 1830890.514178 18824.020072 8211025.745070 10954.175635 2498615.416775 43262.380004 2839862.947731 88748.435591 2135151.314277 26412.713967 164913.566892 70586.348963 4296636.905170 50647.305420 5595348.776164 15024.199397
Case #32: 56871.909723 1125552.689047 5718.649510 2530447.780865 63995.443821 920419.951381 126372.617396 174343.832578 123102.982001 4339100.559416 1605.567689 4961012.678305 149822.128970 2958259.380587 17740.942270 663706.439133 46378.689582 1807655.357342 54671.345837 2724837.621655
Case #33: 68907.260443 928976.249258 311553.271303 1458129.813130 82808.856731 1573997.323791 184798.679232 300261.715920 88684.139552 83552.497601 376090.604750 821079.700199 93529.964092 1233828.356161 433885.592779 1128795.606740 381897.720065 81282.250990 249226.983747 1194415.927346
Case #34: 2597676.290846 31012.872817 1051209.535278 61055.538668 129655.616872 13840.704482 1511289.062776 222755.778943 2349728.345550 257932.818220 1641833.274537 257774.467221 1929087.736139 207663.546133 65032.074592 186319.186718 808599.892231 156620.109308 218527.092647 268690.790128
Case #35: 1490825.104743 28117.348511 1760278.049313 2125.845021 4116235.430402 74516.881881 3891932.467014 24803.928061 2470750.514506 11166.983950 2991301.038614 52031.599081 3329181.869966 50212.613607 3737724.716953 74511.912480 514919.350272 68425.390071 2738903.628585 62685.201531
Case #36: 202036.193801 161773.819419 1134975.464532 237712.548153 364123.064258 132934.878325 1101596.144854 21938.318897 720995.254818 74566.213968 188126.333890 23653.619156 1579611.381941 11295.028483 1189735.059285 53060.763636 956031.309790 241767.017186 731343.458926 23066.728926
Case #37: 381767.552908 434223.808143 32297.083968 1131148.208436 57986.664839 18462.591066 218922.608298 663250.714597 296467.966049 232958.963464 96024.164655 273594.955319 261295.183718 442003.378845 25027.439351 321534.910964 768.047230 995951.798448 125369.005514 477429.008907
Case #38: 223287.196615 81982.882445 4767151.268763 78491.270646 558584.876627 72597.062686 2384224.952017 38710.483807 1348014.350580 54950.600458 4057487.198639 507.739501 2874552.135642 47608.994639 3932098.604144 82979.286637 3262222.842477 25628.452267 2020814.093997 14103.953233
Case #39: 6351031.300967 106590.059048 1380184.460138 3604.845302 5711338.450513 118409.152491 6115105.279065 21366.244661 3974938.855460 7630.577796 2662266.086670 81701.991945 2337746.355433 56075.613159 2070618.576279 52682.363058 2997983.214574 124178.510121 5918155.313155 55768.704186
Case #40: 28812.265109 199653.283352 80144.282779 5321979.919730 3613.127720 2311713.063365 51546.548955 3670768.791257 27455.998337 1220055.312197 74870.964447 1976332.598964 74377.162150 2143732.881785 71809.322603 5126674.402431 32191.918279 4235985.668422 58259.635581 2777458.569209
Case #41: 13391.023278 2927429.533868 52724.516858 4495561.951632 7829.993674 194767.972847 61947.801416 3558721.325593 42121.945419 1303036.194960 69363.673123 6200551.039553 90511.969882 5777384.669450 89048.028316 5574847.393787 93908.147736 945904.175933 28983.807567 5666512.213596
Case #42: 291771.098652 15611.162275 2541377.392574 14279.931839 3925168.960668 4877.583742 3264199.560980 36629.382681 1742191.906069 41269.688572 2857326.190327 5804.872751 5092360.220765 3119.111940 5635967.393831 41530.043606 691571.866845 52206.098563 1538293.294526 49533.854531
Case #43: 2596147.500869 26093.393941 2293480.921881 29162.038194 2790144.776124 32803.806957 1378412.859394 86326.296088 709836.971992 116653.677917 77216.269760 96469.497940 3833593.995725 64162.381639 3567257.560801 72542.617926 4275078.853631 139088.591859 4592052.992118 135698.613162
Case #44: 332632.696987 115482.309761 898448.352802 70707.820672 72655.861278 473782.275054 566912.558045 613925.196525 169930.707852 254494.964796 798872.267626 292633.871282 474246.474952 276629.585481 863623.544151 529736.412537 23421.522856 42211.756433 254125.624159 449653.568215
Case #45: 1254227.455694 194476.958064 969885.068586 109598.525960 2247386.459406 212132.672480 246236.020963 192248.621199 2561223.559667 81704.434165 102650.462187 118722.024910 735879.298360 85342.153958 3108707.934625 16093.241683 1366699.582365 16094.761804 1762799.190408 5972.962454
Case #46: 36856.195171 1676677.588750 27752.192242 6414074.599122 25245.686753 2089496.791441 40428.505278 5871064.544256 23803.351109 2591679.620752 60043.825013 2814899.222707 83176.648894 3547423.546058 58004.329425 7365892.686411 29733.564095 3903682.533169 26028.003104 612273.703821
Case #47: 30065.069285 474750.376994 17748.457687 2030871.157393 54062.621816 2984541.548264 16518.855244 2446561.373029 1527.053409 655719.744175 61103.571635 617903.503336 31409.190352 1242670.886977 42917.723881 732317.969769 52451.259057 2197710.743007 37486.866967 2439856.337624
Case #48: 2486080.153896 121840.370791 123468.604999 79805.548617 1550716.670676 63020.955631 1863167.169121 148225.202031 2853800.480951 191798.090651 983885.661154 171261.168469 2277459.066916 174421.716565 2110805.494481 88399.383353 718334.766731 6160.659524 414283.268391 16832.221797
Case #49: 685415.611664 106400.985719 1754427.889883 159545.033646 2015612.049627 285570.556489 1747301.339050 17414.043158 384680.252840 116758.251499 1318786.180135 49308.018920 1050163.673228 221777.585604 1916131.546319 114466.941347 97884.506148 271531.937877 888012.716764 109501.221608
Case #50: 45143.709238 3310829.918354 27772.038266 2110444.445010 53736.466296 2651536.158031 62953.266211 5160596.273538 95638.778489 2741710.241038 9137.965303 6274318.475526 99987.691645 4359473.750232 59931.748876 6618570.085223 84683.494630 4764950.555061 55641.987346 523827.689152
