Case #1: our language is impossible to understand
Case #2: there are twenty six factorial possibilities
Case #3: so it is okay if you want to just give up
Case #4: xoggk d yl wxo vkkvgo ekso uyl wonw sywy
Case #5: xkf yto akj
Case #6: yabba dabba yabba dabba yabba dabba yabba dabba yabba dabba yabba dabba yabba dabba yabba dooooooooo
Case #7: a b c d e f g h i j k l m n o p q r s t u v y w x y z now i know my abcs
Case #8: next time wont you sing with me
Case #9: all your base are belong to error the spoony bard
Case #10: thank you but the real googlerese is in another castle
Case #11: right i forgot here in the states you call it a sausage in the mouth
Case #12: an eye for an eye and a pigeon for a pigeon
Case #13: swift as the wind quiet as the forest steady as the mountain
Case #14: our code jam is like the pythagorean theorem
Case #15: there is no answer
Case #16: i have bested fruit spike and moon now i shall best you the guy
Case #17: this here is gunpowder activated twenty seven caliber full auto no kickback nailthrowing mayhem
Case #18: oh hai im in ur computer eating your cheezburgers and googleresing your textz
Case #19: greetings cheese popsicle the number you have dialed is currently out of porkchops
Case #20: whoooooooooooooooooooaaaaaaaaa i know c plus plus
Case #21: friends dont let friends let scientific progress go boink
Case #22: let lips do what hands do
Case #23: by the pricking of my thumbs something wicked this way comes
Case #24: you want sell things at me boing zooom
Case #25: oh yeah alright were gonna shake it up with the party bear tonight
Case #26: now is the summer of our lack of discontent
Case #27: it was the best of times it was the blurst of times
Case #28: pneumonoultramicroscopicsilicovolcanoconiosis
Case #29: each of us has his own special gift and you know this was meant to be true
Case #30: and if you dont underestimate me i wont underestimate you
