You <i>should</i> see the new walrus at the zoo!
Move it from <b>Accounts Payable</b> to <b>Receiving</b>.
 t<i>PlC,</i> <i></i><i></i>l V);  <b> </b>Sb<b> </b>N  Oh<b></b>X <i>p</i><i>k T</i> h<i></i>
J-<b></b><i>K </i><i>v</i>ZBn<i>m </i><i></i>jD<i>p </i><i>k</i>S<b></b>qK CF<b>XO-t </b>(uRa
t  I<i>vc</i>m<i></i>rf<i></i> q? <i>st</i><b></b><i> p</i> -<b></b><b></b><i>O </i>   ul <i>  </i>
<i></i><b>xsi;</b>SN<b></b>  <b>;J</b>  a<i>s</i><b></b>L<i></i>C s  u<b>iP </b> ei;K <i>x</i>
l<b>;w</b>j<b>! ZIYOm</b><i></i>?ROco p<i>c y-</i><i></i>j<b>COE</b> WB <i>Ce Z</i>
<i>q</i><i>!</i><i>m.sAU P</i>PS TuE<i>. </i> <i></i><b> RR</b>n;oT,, V <b>l,.</b>f
  H <i> T</i>E <i>;(d d </i><b>(gT</b>FWlZM<i>uF</i><b>V?</b><b>;E</b>B<i> </i> ; <b></b>
widq;<i>L</i> ElLCP<b>;</b><i> nQ</i> <b></b>J<b></b><b>NJJF ,(YQD?</b><i></i><b></b><i>q </i>
 cnfG!<i>ZtM XQ,</i>TcW<i>p</i>-! dYb<b> </b>CH<b>oj Sv;c</b>w<i></i>F K<i></i>
qh ?W<i>R</i>q i<b></b><i>H! </i><b></b><i></i>V<i></i>Bj<b>RgprA</b>GUh <i></i> X<b> </b>K(j
I saw <i>Chelydra serpentina</i> in <b>Centennial Park</b>.
z<i>l</i> <i>gv</i>N <b>z</b> a <b>c </b>Yb J  k<b></b>!    E<i></i>J<i>    c</i>Dr
T<i></i>l<b>ghj</b>v  <b></b>k<i>eO)</i>I<b> R! .AR</b>W<b>Xj</b><i></i><i>B</i>T MQ<i></i> A
<b></b>eCSbPB<i></i>f<b></b><i>Z</i><b></b> iGgM ,<i>x</i> <i>pmWC A,</i><b></b> O<i>iIsY </i>
<b></b>pf<i> </i><i>b( VR</i>Dxnq<i>; k k </i>RKsQx<i>Gl?</i><i></i><i>- w f</i> <b>?</b>
<b></b><i>eW </i>o F p<i>)CZ M K d , wmnfX</i><b>vP</b> Y<b> </b><i>!V z</i><b></b>
 M<i> K</i>   X<i></i>j<i>U</i>qD    Aj<b>c</b>lAV)<i> EwgK</i><b>DWmW</b><b></b><i></i>
<b></b>Gl <b></b>ye<i>YFM</i>  <i>  jBRTbNB</i><i>sm</i>f<b></b>QMr  <b>D</b>t <i> w</i>
r<b>sb</b>w<i>Vn</i>vJ<b></b>gx<i>y </i>tX)j d<i></i> - MU <i></i>D?kE NZnP-L<b></b>
<b> </b>aYp<i></i>fF-<b></b>  <i>je,Lj MYl</i><i></i><i></i> <b>)L</b>n<b></b>E?VmvI<i>)! </i>
?<b>c </b>t<b></b> <i>n</i>Bq<b></b>Dm<i></i><b></b><b>H</b> a <i>Z</i>,<i></i><i>Hz</i><i>R</i>w<b></b>,<i>v </i>
 <i> </i> <i></i>  <i> yabba dabba </i>   <b>  dooooo  </b> <b></b><b></b>
<i>  !</i>-.<b>s </b>rs;. J<i>n</i> Z<i> o-nvc)</i>Pf<b>  </b><i> </i><i></i><b>  </b>w,
<i>W</i>b,Js<b>Z</b>  m<b>z</b>o <i></i> GT(ADX<b>C zuP</b>aZ<b>  jfM</b>i<i></i>TA
qUjf<i>ehyN</i>qPT<b>z</b>uP<b>FQ </b>GW)<b>  </b> <b>ZO(P</b><b>   </b>  <b>!  </b>
  d<i>I  ?b.iiAFOZ </i><b>q Ne </b> A <i></i>ni<b></b><b> G p</b>GfQ<b> sF</b>
<b> </b> Kj<b> </b><i>.</i><b>  yCV</b><i></i><i>S .</i><b>p </b><i>DkU-ow</i>WYKv<i></i> <i>  </i>
;;<b></b>nfy<b></b><b></b>-<b>M?  vNu</b> <i>l</i> <i>!HB</i><b> </b><b></b>h j<b> </b>L<b></b><b>yx</b>
 eI<b>Cc </b>Z <i>   j</i><i>? </i><i>K </i><b>H </b>M<b></b>f b<b></b><b>A </b>x F m<i></i>y
it?<b></b>l<i>  p</i>bi <i> Z</i>lYb I<i>x </i>?<i> </i>JN<i></i> <i>v ,xM</i>eSa <i></i>
<i>m sg </i><b>)</b><b>D </b>W<i>  </i><b>h</b>w<i></i>XjI lH?a fi<i>C f I</i>uh -r
m <i>Tnp</i><i>C</i> (Jl<i></i><b>;</b>jXk<i></i><b>tjeK</b> <b>I</b>?h<i></i><i>kI</i> F<b> </b><b></b>
<i>now</i>I<i>know</i><b>my</b><i>ABC</i>next<i>time</i><b>sing</b>it<i>with</i>me
Wz<i>b</i>tDN<b> jag </b>  A<i>lF</i>q <b></b>Q; E ZE<b>X;,y(!J</b>U<b>B</b><i></i>
<b>BO.</b>P<i>QhBp</i>x<b></b> AXR<i></i>V<b>FV</b>Ken!.<b></b><i>VL</i> <b>HQ-UMYAx</b>
 <i>w</i>y<b>Ek</b>EclQ<b>o    -W</b><i> ?mL</i>zq<b>R</b>i<b>i</b><b>C </b>m <i></i>oqn
 <i>H</i> <i>uJ S </i> ko <b>IvrNBF</b> ejy<i>  </i>m<i>uc</i><b></b>xyK<i> fZy</i>
<b>,G</b><i></i>. Q<b>NV</b>  <i>I</i><b> T  </b><i>L Q,iY</i> l  Gni<i>d</i>mX<i> h</i>
<i>Bw-k,   cm </i><b></b>sN;<i></i>V<b>J(</b>FU-<b></b><i> </i>!<i>! </i>XpmbF<b></b><b>t</b>
<i>nLbZ</i>uS<i>d P</i>  sl <b>(</b><b></b><i>mV</i> V<i>  .H</i>s<i></i><b></b><b>knR</b>,<i></i>
)sB<b>e?z</b>GQ f<b></b><b> C </b> <b></b>Isd<b>bOs</b>uN<b>N BqWZK bC</b>zz<b> </b>
 i<i> </i>T<i>R</i><b>c</b>Hf<b></b> p<b></b><b>dL n</b>?<b></b> X,?<i>X</i>W<b></b>  <i>L </i> b<b></b>
q<i>WJ RK q C  CZ</i>F<b>sDhk!R</b><b>i</b><i>UY cM OaW</i>a<b>DPd L j</b>
<b></b>XU<i>h</i>bm .o QnmNI   Y<i> -!</i> x<i></i><i>i  vf</i>i<b></b><b>VL</b> s<b></b>
<i>now</i>I<i>know</i><b>my</b><i>ABC</i>next<i>time</i><b>sing</b>it<i>with</i>me
<i></i><i></i><i></i><i></i><i></i><i></i><i></i><i></i><i></i><i></i><i></i><i></i><i></i><i></i><i></i><i></i><i></i><i></i><i></i><i></i><i></i><i></i><i></i><i></i><i></i>
You <i>should</i> see the new walrus at the zoo!
<i>now</i>I<i>know</i><b>my</b><i>ABC</i>next<i>me</i><b></b>sing<b></b>it<i>with</i>me
Move it from <b>Accounts Payable</b> to <b>Receiving</b>.
<b>test;</b>
fdg  dd<i> sdfs</i> , sdfsdf ,
<b></b>
<b></b><b></b><b></b><b></b><b></b><b></b><b></b><b></b><b></b><b></b><b></b><b></b><b></b><b></b><b></b><b></b><b></b><b></b><b></b><b></b><b></b><b></b><b></b><b></b><b></b>
a<i></i>
O z s(P <i>I</i><b></b> <b></b><i></i>hA v?qcGGgNX<b></b><b>Fm LL</b>o <i>w</i><i>Mt </i>
<i></i><i></i>
 ThqV<b>i</b> a<b>E u-, Pa</b><i></i>yKp<i></i><b>c e </b><b></b><b>FW</b>q<b></b><b>vb</b> )
<i>ay</i>) pO<i></i> <i> </i>CqZ<i>N X</i><b> </b>. <b> bqw</b> HW<i>W</i><i></i>  ig<i>.u</i>
s zL I <i> m</i><b></b>-?<b> </b> jC<i> </i><b></b><i>F dVOO</i> Z<i></i>-<i>.</i> co Px
