Case #1: 0.292642 4.431719 5.905955 3.393039
Case #2: 149.245237 1.279321 246.552053 0.752239 141.594421 1.608933
Case #3: 1251490.852544 483398.710699 248250.723521 5930.218498 715362.289219 831154.898670 448221.948513 250168.660625 926199.121555 816975.977642 133296.231500 696722.814894 702509.925547 265238.674142 1186756.304854 981875.684217 895704.631805 601306.738859 346919.999441 1177110.607731
Case #4: 35883.067844 1362227.099485 24225.450644 897702.464281 2906.916897 888329.620779 74368.745356 243525.954303 62264.585850 1270697.821732 91847.131537 1174020.147766 50906.984113 1471566.866837 13059.237093 1360288.174369 49659.228208 355765.084869 53291.922879 1214988.200280
Case #5: 209011.351715 123116.278138
Case #6: 623706087.760490 628216990.562257 442960379.851498 835104164.124981 595686448.549706 702140774.904816 880003825.239839 224290805.973248 655575992.379140 265703916.207749 685719703.643452 891059135.501766 30890378.184100 174586140.166310 269257775.167589 415427241.667838 85650711.360225 531505831.299120 18506644.302284 41170788.482377
Case #7: 102911.568187 381531.617117 104588.643427 3607144.737951 42313.352405 1143706.494613 16175.329036 3998435.197606 58128.407611 1435245.869244 90322.967607 4157854.036034 50435.008468 217510.593504 39672.145320 958800.347776 90463.937481 1940199.847995 91235.372582 4881651.126237
Case #8: 33257.394543 2338059.078203 81926.927198 5329550.621213 64533.996492 3265857.014037 22009.595702 5678249.757553 40591.514932 1327919.011606 67405.323286 53606.923428 22394.601014 3038039.247869 89968.052644 1971902.663734 42251.562605 3955990.076299 10752.956108 4940990.048939
Case #9: 53740.486104 3865762.517524 57743.001986 5542461.680932 42725.861219 5045744.335076 33654.939570 337168.442156 7812.657178 5872698.960500 12609.549211 685766.867409 35491.985113 151204.478296 27572.336862 5405492.822353 30615.166367 5259988.616396 10316.191625 1069222.913671
Case #10: 282681.612448 155744.614851 861750.559181 180624.829752 1580559.032042 153407.465136 391420.395700 72374.232480 289650.541507 25212.842743 87146.822421 28050.087788 691265.859972 48626.538719 1333817.263161 17777.159007 1540726.561541 36524.187478 1044818.169104 203148.880002
Case #11: 2828653.971264 81081.543425 3264395.451981 33357.401493 272765.186936 87699.514272 3865977.475653 85032.085138 246098.322776 9389.563285 3007056.325944 78965.190737 3750479.456114 70672.406044 1758339.564090 29244.719540 1580258.375535 71221.240385 544080.822664 49772.419409
Case #12: 235458.071424 102430.658003 570937.007774 554455.292427 460877.147856 132781.077369 101578.154475 261048.447340 394739.650298 277421.341647 243074.329402 307381.893492 290820.379643 355992.913117 144014.336841 354601.391808 337803.601349 422644.312029 157635.822576 530122.072559
Case #13: 751722.810822 83538.627216 3767352.539590 12644.990246 4993750.846108 25.416574 4220161.565237 61437.832462 2042312.725134 3469.134090 1223313.095599 17921.205092 3379484.645687 87492.071154 2926980.839303 25724.355291 478560.737658 77267.559936 4384539.806577 24407.943874
Case #14: 198806.294748 861643.584498 270351.869775 2076638.416135 197863.177768 501246.652542 47569.412163 2389154.083898 122025.328720 1810745.822162 5590.478128 1812130.388428 241593.876842 1413722.194772 23425.208750 459685.566187 137651.891200 1042088.727110 125644.733784 2534446.881860
Case #15: 54725.368323 458168.097782 764107.601256 45502.616479 160902.392826 445844.488965 264804.983289 347836.118127 1061106.071800 47047.623027 531663.293159 123837.585898 165581.250100 23487.479923 685099.534619 112597.951441 706543.015205 450604.005859 101825.136636 284800.606105
Case #16: 33496.164849 4515770.587954 63292.849719 3789899.816139 111003.653735 83942.855178 122345.637518 343557.493049 49127.093672 1772738.534219 123550.908231 2363751.421651 74749.011578 1333117.765954 91236.650759 1036074.875125 14239.709602 564698.983872 129037.747409 1988914.948496
Case #17: 4148141.477371 60808.640218 4286768.723674 81436.083502 2576196.540024 18919.871659 4072066.571007 49831.354256 178418.242551 47489.577821 2053366.918278 76484.474728 3072489.198581 34690.051550 1835915.009784 67227.529018 3933842.574409 69998.062921 3366735.402836 12817.957179
Case #18: 1771525.699482 72304.852824 409044.329400 72019.704653 1958425.655417 153930.914866 1777092.762863 19781.578640 1608882.502239 44674.451892 253433.554027 197096.490078 1454855.079754 171233.135524 1770620.630530 183942.115596 726418.061656 126533.169488 1171117.904599 181892.165916
Case #19: 2090882.880545 38730.194474 6573190.048632 56119.900982 6955725.732184 12477.375633 618037.806872 47830.833750 7068992.573644 57279.793888 4356674.381982 71002.213823 961867.338251 31686.117700 2606487.729145 79595.653576 221754.670607 70213.971481 752026.264227 50600.197141
Case #20: 902346.837029 11667.313414 1956869.598255 179290.107149 858227.569276 69472.307687 458569.313740 128754.232877 668646.232523 30787.140751 1608314.814467 11068.420699 1625001.716859 120352.399455 2242848.231926 198672.444241 749660.729238 149880.900218 1059954.830494 12270.670502
Case #21: 441400.581289 93257.869816 356068.305703 79971.987922 1347688.774063 132106.788236 1027971.965115 140999.618137 818311.928270 98917.279739 1295052.768988 20403.484603 999066.829173 7957.607071 605153.673715 42385.902456 1492180.001646 48957.331745 880.019399 116193.288744
Case #22: 162678.544674 1664329.843476 201181.094733 3225575.409074 149334.017430 1819041.430530 4171.887176 2214812.500020 109129.745884 3095148.595439 43115.827526 422179.274366 4073.043204 955799.928450 12911.319634 1926486.879267 118980.253194 2829732.696805 186614.331274 2359602.926112
Case #23: 284308.474780 429865.757130 61358.372786 1115479.295286 225303.969246 1673636.983455 240734.199628 590857.246007 15961.635896 910871.518107 116351.199291 361550.650252 132961.745906 1748743.348323 176058.608698 1210201.791292 278176.190703 1055291.456211 242626.116573 321207.945827
Case #24: 55111.262470 3180725.128245 28294.299064 2091938.774330 3826.020779 1950118.849078 7974.646989 1247075.067848 19712.924318 3869495.553125 29255.859190 715602.868918 60129.461795 5050429.489458 59241.773880 2639532.998759 15697.703684 2469379.654552 26816.460109 381089.266832
Case #25: 22201.620210 1742847.834736 55903.252260 2737280.613021 5715.688983 570689.414786 60198.662541 2426939.622952 875.306870 1589678.860397 15398.407210 120376.105796 15714.710983 4323294.899684 31472.814185 3987811.161462 972.169284 460678.642711 70166.794733 3256416.172554
Case #26: 5698784.407381 12411.775654 3299983.225190 91611.497361 4036558.421139 56723.048771 1091265.688830 16410.247775 373507.016591 63360.260416 2552909.961830 59515.261523 1713263.439526 26254.297403 5465329.875379 93170.174260 6973054.629055 28816.528979 4817677.899119 68081.556135
Case #27: 68505.010032 3129551.591377 9147.469180 2352361.865329 59621.412681 2015745.891780 74548.933314 1462281.788093 76091.867213 111794.136640 50252.647942 963257.454943 54934.620615 1955400.473481 84282.426462 2976335.930665 43841.014246 394326.714353 12551.032425 2522056.306872
Case #28: 121813.294766 2150333.776436 121119.273224 106296.178670 96811.293820 705153.723442 100322.753920 296766.440904 121824.285642 870275.195531 71823.484322 1323165.491534 114868.944976 1559711.333363 109822.352496 1471083.177430 70166.440123 502179.981974 13415.265568 1955338.230362
Case #29: 154228.752659 2328447.887106 47295.255087 2700381.595994 121559.800625 1421471.285863 50286.862482 957463.643337 41257.456456 761925.311858 166262.608144 1191202.649224 122738.302393 107726.642240 3392.657266 2908900.750930 17072.441045 1838365.226866 64058.390521 297081.368457
Case #30: 472003.553936 75918.279555 722565.508551 30610.357679 1202285.340594 62676.270280 2718542.408361 19647.254693 2452965.111636 5756.162185 538915.124768 3088.333860 1825669.194537 60800.643430 3813448.225573 103547.150456 1999998.492721 92462.693621 361338.933274 94214.718977
Case #31: 17358.562321 3328916.749245 58165.910378 3180763.254108 12972.270348 2369832.130333 65512.570717 4354921.937304 1050.669350 2855208.002140 64557.929371 5999304.662669 31546.547762 708059.190789 12859.602658 3491690.337014 31640.925239 2636134.089469 24543.387107 4732029.595620
Case #32: 892026.292993 89262.258159 298265.634702 308057.463035 698969.203104 266154.792845 630668.734895 343523.381414 134638.555751 83540.551750 780738.152172 181983.746467 89593.404171 273562.489632 1164271.580974 184977.734658 929415.789947 285106.040179 1197945.323021 1501.339598
Case #33: 168681.122725 150203.997584 10395.918829 2883298.200296 128619.851654 2092491.932170 14283.895358 2298063.377695 54782.896241 1366194.244796 1706.873048 3206970.244441 90839.476031 2336163.513126 161391.888599 1473625.780866 38707.099604 1632360.389414 91794.885918 235671.328064
Case #34: 2146.923708 3224566.530288 42485.417533 1105394.691987 42175.131117 863185.227678 8313.715712 1688355.304513 52340.098480 4212716.957338 28172.234754 2460340.307814 13606.202118 2307679.080666 63756.062596 2782667.460899 50368.118154 4608049.032831 62267.498142 385964.893612
Case #35: 5816055.071830 7455.279257 2913145.594827 70646.208710 4263690.358014 79242.979038 2370406.146036 42256.815303 4472870.233760 27246.303395 2607387.464747 5653.850849 3832553.382678 20008.188412 6494013.782445 74107.542439 1940131.618941 87549.462991 4007987.774878 63145.016785
Case #36: 1866666.342570 147686.705522 1459318.494891 64654.974025 2608695.723156 24266.986245 2371830.306927 23958.003579 2510320.396681 63898.408043 750646.098312 14653.079831 109483.859532 25319.551853 475914.033565 14560.787398 926027.106634 64912.173585 1308734.093673 160161.240426
Case #37: 331354.022824 631354.789179 287540.330325 436830.245389 61691.122652 685715.175762 14868.849767 975949.533097 211869.139225 606805.098004 512422.532210 851188.111893 82213.473108 906967.685650 100372.050282 500387.765103 145712.172039 166663.981895 468340.260768 954491.262334
Case #38: 61795.711575 4636312.541387 53772.458812 2055923.706964 101861.232659 2902863.441529 76383.344006 4359303.531374 65582.310677 4979949.448165 34970.788963 4136450.059149 15980.991439 3438362.028562 69877.369499 482509.824287 8938.193808 1146849.589563 16919.349423 6997578.724742
Case #39: 153729.610215 911960.657118 2435.065203 942077.231191 146769.306737 75053.092948 102511.189892 1237152.228906 28051.092586 1767649.294595 14211.197755 1125776.939384 56733.155894 766726.263894 14768.796933 167194.682658 110649.097371 313185.403648 129190.225306 1469997.788251
Case #40: 2190656.661361 22914.898485 329973.867781 2767.216946 3495302.375884 7510.421416 3627990.648913 17454.324552 3184291.137560 52807.261390 3360935.300333 332.217534 1670236.405538 61581.891459 1486422.855728 61846.686466 3010732.488964 302.670536 2453740.473137 26632.547706
Case #41: 96657.492590 196632.352448 50778.305860 2035904.688084 97905.470879 546824.902752 8453.409442 600972.109749 220702.214876 1533365.711822 110006.313855 1925404.292084 85398.642209 1364427.083895 13367.574730 402150.148517 155781.230783 732641.442485 223019.284360 1779316.031103
Case #42: 816613.087447 47451.888284 332975.718983 77133.250390 702675.275307 93636.809302 2685308.965267 23105.293623 2337265.047724 79696.909676 705993.871193 43993.880611 573132.757774 29004.204994 1406226.430224 92589.965880 1037689.656787 59560.841390 2003727.460168 80385.276132
Case #43: 11799.406404 1263865.250462 75040.081552 3819617.247608 59316.208665 3941347.833048 58578.410279 1369471.893640 13967.765252 4909034.726449 61999.854631 2305096.333902 36502.445147 297084.881544 78099.865842 586089.777779 34985.526494 4595077.210413 48832.376998 1158483.801816
Case #44: 69082.851737 1602979.952807 49272.877935 1934897.291562 86434.905249 3484354.304186 92222.138118 1707130.711375 6636.828568 3900801.341448 79599.058764 867558.134582 85415.196968 1302849.112844 108736.804443 2136900.161288 91384.195633 4620858.778402 34502.152804 2881859.470867
Case #45: 69637.419930 3706225.561871 53897.193069 929.679147 91901.755578 3395752.179747 61958.898143 1651664.348701 44182.191660 1020601.565793 72427.350098 2912422.560080 7684.644561 2264598.192514 31758.223954 2531943.315589 43652.473374 629607.585411 53090.537221 1091034.341882
Case #46: 51168.358214 207403.474126 555394.602583 532515.478799 31897.895996 668591.680814 756679.242011 197829.305956 289548.731461 381615.384679 456211.156202 763489.877378 183415.018076 497320.156856 381628.202452 26308.809022 816368.527754 321679.723777 141576.600088 76405.597629
Case #47: 44890.168959 4989256.114657 65056.375691 495579.331778 69452.574566 2376714.961536 39720.813804 4427109.735692 25471.100456 2818615.651141 11359.816154 5378454.002217 37456.222339 2127397.422551 73877.529573 6780835.664914 58755.972942 753546.449009 61862.476253 3094052.269409
Case #48: 743083.192172 343554.483563 612323.425658 56746.908768 515761.931800 58777.122661 332292.566445 177732.923003 670924.779203 212631.646256 388941.371941 396401.774890 537406.529287 346575.871465 887557.341311 135558.844818 38580.534345 167130.962807 154090.871009 45291.976214
Case #49: 649867.828908 226174.159372 165353.730289 281056.955337 977441.684368 77454.694549 694588.522445 6609.564625 967966.226729 347125.948672 321331.933106 134953.974905 308195.405717 451149.806705 77973.269059 299991.414045 721175.311100 399366.645284 388964.505284 243201.243869
Case #50: 1541461.206136 79798.025405 2004086.578269 97389.813901 1211439.560374 74741.250743 3749282.010337 80969.489376 3375778.305999 11642.049872 328339.792901 22809.929077 5120252.899131 87949.735507 4491203.691569 62805.080961 4765462.537013 82613.109460 4148178.384744 30263.915149
