Case #1: 3 4 6
Case #2: 2 3 4
Case #3: 2 5 6 9 13 17 21
Case #4: 17 21 25 30 32 35 36 38 41
Case #5: 1 2 3
Case #6: 3 5 6 9 10 11 12 13 16 17
Case #7: 15 18 29 30 32 37
Case #8: 112 149 162 179 201 225 227 247 256 282
Case #9: 2 4
Case #10: 8 10 11 12 13 15 17
Case #11: 5 10 15 18
Case #12: 7 9 11 13
Case #13: 1 2 3 4 5 6 7 8 9 47
Case #14: 5 6 7 8 9 10 11
Case #15: 16 21 22 27 28 34 36
Case #16: 6 7 8 10
Case #17: 3 5 7 8 11 13
Case #18: 12 20 26 30 37 38 41 43 45 55
Case #19: 1 2 3 4 5 6 23
Case #20: 10 20 49 59 76 103 123
Case #21: 6 11 14
Case #22: 7 13 16
Case #23: 22 222
Case #24: 7 8 12 16
Case #25: 9 12 14 19 20 22 25 27 31 35
Case #26: 3 4 5
Case #27: 11 20 21 25
Case #28: 2 12 22 32 42 52 62 72 82 92
Case #29: 10 19 21 24 25 26 27 29 31
Case #30: 6 8
Case #31: 1 5 6 8 10 12 15 17 18
Case #32: 5 6 7 8
Case #33: 2 22
Case #34: 4 8
Case #35: 8 11 13 16 20 23 26 27 30 33
Case #36: 1 5 7 10 12 16 18 21
Case #37: 8 9 12 13 15 17 20 23
Case #38: 6 9 12 13 15 16 19 22
Case #39: 6 8 9 13 15 16 18 20 22
Case #40: 3 4 5 6
Case #41: 7 11 12 14
Case #42: 23 30 36 40 41 58 63 67 69
Case #43: 2 6
Case #44: 13 18 21 23 24 30 32
Case #45: 22 23 24 25 26 27 28
Case #46: 11 30 48 65
Case #47: 3 4 6 8
Case #48: 13 18 22 27 30 33 34
Case #49: 9 11 13 15 16 18 20 22 24 27
Case #50: 9 10 11 12 13 14 15 16 17 18
