10
20
0
2
1
8689
6265
2405
1577
5107
8583
10104
7578
20260
1488
20285
41809
5019
19556
6947
16795
3492
8548
20840
6385
20707
3184
16023
22088
3752
8054
8351
10649
13346
13546
12880
5301
21473
19780
18670
24451
26045
24372
2123
11843
13548
10286
36841
32414
37483
63
108
15
8
33
37
46
80
8
25
67
235
7
108
83
111
25
87
49
95
5
32
138
98
23
60
70
56
72
87
88
31
77
122
101
146
129
175
16
67
88
85
241
220
226
5588
10159
1095
2024
2938
2728
5769
7319
8263
2886
3738
8716
1908
3708
2878
10044
1658
7262
7556
8953
10431
3759
7974
7835
1387
6431
3359
4158
5165
5639
5596
2619
8835
7929
10491
13225
12887
12639
1033
5462
5306
7405
16194
18468
15360
0
6530
0
0
1972
