Case #1: CAB
Case #2: MJA
Case #3: OCDE
Case #4: BBAAA
Case #5: CCCABBBAB
Case #6: CCCBAABAB
Case #7: ZXCASDQWE
Case #8: CCCCCBAABBBAABA
Case #9: BBA
Case #10: CBA
Case #11: CCCCCBBBBBAAAAA
Case #12: BB
Case #13: ZDABC
Case #14: BAA
Case #15: DCBBBBAAAAAAAB
Case #16: A
Case #17: CBBBAAAAAAAAA
Case #18: CBA
Case #19: MMAKJIEDBACFGHL
Case #20: CCCCCBBAAABBBAA
Case #21: CBA
Case #22: CCCCCBBBBBAAAAA
Case #23: BA
Case #24: ZPKJBTSGSMFLPWT
Case #25: MMALKHDCABEFGIJ
Case #26: CCBBBAAAAABAA
Case #27: CCCBBBBAAAAABB
Case #28: ZACBA
Case #29: ONMJACHFKIEBLDG
Case #30: CCCCCBAAABBBBBB
Case #31: RRBAACADABA
Case #32: ZEDCBAYXWU
Case #33: Z
Case #34: CCCBBAABBBBBAAB
Case #35: CCCCCAAABABABAB
Case #36: CCCCCBBBBBAAAAA
Case #37: OMNLKJDHGFEICAB
Case #38: AAA
Case #39: DCBBBAAAAAAAB
Case #40: BAAA
Case #41: BBA
Case #42: CCCBBBBAABBAA
Case #43: CCCCAAAABAAAAAA
Case #44: DCCCBAAAAAABA
Case #45: CCCCCBBBBBAAAAA
Case #46: CCCCCBAAABABABB
Case #47: BBBBBAAAAAAAA
Case #48: ONMEKLJIHGFACBD
Case #49: ZABCD
Case #50: CCCCBAAAAAABAAA
Case #51: YYNMHNQMFNVHXWS
Case #52: CBBAAAAAAAAAA
Case #53: DCBBBBAAAAAAAA
Case #54: ZAYBXCWDUE
Case #55: YTSJRLJPBSNQRMT
Case #56: OHBKMJILGFADCEN
Case #57: CCCCCBBBBBAAAAA
Case #58: CCCCBAABBBAABAA
Case #59: ZAAAA
Case #60: CCCBBBBAAABBABB
Case #61: ONMKACJEIGHFDLB
Case #62: CCCCCABAABBABBA
Case #63: CCCCCCCCABBBAAA
Case #64: BBB
Case #65: CCCCCAABAABAAAB
Case #66: CCCCCBBBBAAAABB
Case #67: DCCBBBBAAAAAA
Case #68: CCCCCBBBBBAAAAA
Case #69: BAAA
Case #70: MMLKJFECBAIHGDA
Case #71: MMABDGHJKLAIFEC
Case #72: ZADBC
Case #73: ONJCIDEHLBAFMGK
Case #74: XXWPLVLBBQNTVTT
Case #75: CCCCCCCAABBBAAA
Case #76: OMNIKJLACFBDGEH
Case #77: ZZYFLDJHJLGHKJN
Case #78: ONMIACDEFGHJKLB
Case #79: MMLJGFDBAAKIHEC
Case #80: ZDCBA
Case #81: BAA
Case #82: OMNFKLCEDIHGJBA
Case #83: BAAA
Case #84: CCCCCBBBBAAAABA
Case #85: CCCCCBBBBAAAAAB
Case #86: CBA
Case #87: CCCBBABBABAAAAA
Case #88: BBA
Case #89: BA
Case #90: ZABYCXDWEU
Case #91: CCCCCCCBAABBBBB
Case #92: CCCCCCCCBBBAAAA
Case #93: BAA
Case #94: CCCCAAAAAAAAABA
Case #95: AA
Case #96: CAB
Case #97: OJNDEFKHIBMLAGC
Case #98: CCCCCBBBBBBBAAB
Case #99: BAAA
Case #100: MMKJHFCBADEGILA
